#
# A fatal error has been detected by the Java Runtime Environment:
#
#  SIGSEGV (0xb) at pc=0x00000001114b69b0, pid=994, tid=0x0000000000003f03
#
# JRE version: OpenJDK Runtime Environment (8.0_282-b08) (build 1.8.0_282-b08)
# Java VM: OpenJDK 64-Bit Server VM (25.282-b08 mixed mode bsd-amd64 compressed oops)
# Problematic frame:
# V  [libjvm.dylib+0x4b69b0]
#
# Failed to write core dump. Core dumps have been disabled. To enable core dumping, try "ulimit -c unlimited" before starting Java again
#
# If you would like to submit a bug report, please visit:
#   https://github.com/AdoptOpenJDK/openjdk-support/issues
#

---------------  T H R E A D  ---------------

Current thread (0x00007ff291025800):  JavaThread "C2 CompilerThread1" daemon [_thread_in_native, id=16131, stack(0x000070000e754000,0x000070000e854000)]

siginfo: si_signo: 11 (SIGSEGV), si_code: 1 (SEGV_MAPERR), si_addr: 0x0000007400000070

Registers:
RAX=0x0000007400000070, RBX=0x00007ff2975aa598, RCX=0x0000000000000072, RDX=0x00007ff2999f6210
RSP=0x000070000e850360, RBP=0x000070000e8503b0, RSI=0x000000000000003f, RDI=0x00007ff2975a8530
R8 =0x0000000000000000, R9 =0x0000000000000003, R10=0x0000000000000003, R11=0xffffffffc4a07e00
R12=0x00007ff2975a8530, R13=0x00007ff2975aa4c0, R14=0x00007ff2975aa598, R15=0x000070000e8522e8
RIP=0x00000001114b69b0, EFLAGS=0x0000000000010216, ERR=0x0000000000000004
  TRAPNO=0x000000000000000e

Top of Stack: (sp=0x000070000e850360)
0x000070000e850360:   00007ff2975aa590 00007ff2975aa598
0x000070000e850370:   000070000e8518e8 00007ff2975aa4c0
0x000070000e850380:   0000000000000bd3 00007ff2944a8ea8
0x000070000e850390:   00007ff290154520 00007ff2975aa4c0
0x000070000e8503a0:   000070000e8518e8 000070000e852270
0x000070000e8503b0:   000070000e8503f0 00000001114b7035
0x000070000e8503c0:   00007ff2975aa4c0 000070000e852ff0
0x000070000e8503d0:   000070000e8518e8 0000000000000135
0x000070000e8503e0:   000070000e8522e8 00000001116072de
0x000070000e8503f0:   000070000e850430 00000001114b6de4
0x000070000e850400:   000070000e8518e8 00007ff28fed9070
0x000070000e850410:   00000001113fb84c 00000001117112b8
0x000070000e850420:   00000001117262d0 000070000e850ed0
0x000070000e850430:   000070000e850470 00000001113fb816
0x000070000e850440:   000070000e852ff0 000070000e850ed0
0x000070000e850450:   000070000e852ff0 0000000000000025
0x000070000e850460:   000070000e8518e8 000070000e852378
0x000070000e850470:   000070000e852410 000000011119a90c
0x000070000e850480:   00000001115fbe21 00000001116de898
0x000070000e850490:   0000700000000005 000070000e852ff0
0x000070000e8504a0:   000070000e853188 000070000e853188
0x000070000e8504b0:   0000000000001000 00007ff295021010
0x000070000e8504c0:   0000000000000000 000070000e8530e0
0x000070000e8504d0:   00007ff200001000 00007ff2944a3010
0x000070000e8504e0:   0000000000000000 0000000000000000
0x000070000e8504f0:   0000000000000000 0000000000000000
0x000070000e850500:   0000000000000000 0000000000000000
0x000070000e850510:   0000000000000000 0000000000000000
0x000070000e850520:   0000000000000000 0000000000000000
0x000070000e850530:   0000000000000000 0000000000000000
0x000070000e850540:   0000000000000000 0000000000000000
0x000070000e850550:   0000000000000000 0000000000000000 

Instructions: (pc=0x00000001114b69b0)
0x00000001114b6990:   3f 83 f8 2f 75 13 49 8b 44 24 08 48 8b 4d c8 48
0x00000001114b69a0:   39 48 28 0f 84 5d ff ff ff 49 8b 04 24 4c 89 e7
0x00000001114b69b0:   ff 10 41 89 c5 41 80 7c 24 2c c0 0f 85 2d 01 00
0x00000001114b69c0:   00 48 8b 7d c0 4c 89 e6 e8 c7 fe ff ff 41 83 7c 

Register to memory mapping:

RAX=0x0000007400000070 is an unknown value
RBX=0x00007ff2975aa598 is an unknown value
RCX=0x0000000000000072 is an unknown value
RDX=0x00007ff2999f6210 is an unknown value
RSP=0x000070000e850360 is pointing into the stack for thread: 0x00007ff291025800
RBP=0x000070000e8503b0 is pointing into the stack for thread: 0x00007ff291025800
RSI=0x000000000000003f is an unknown value
RDI=0x00007ff2975a8530 is an unknown value
R8 =0x0000000000000000 is an unknown value
R9 =0x0000000000000003 is an unknown value
R10=0x0000000000000003 is an unknown value
R11=0xffffffffc4a07e00 is an unknown value
R12=0x00007ff2975a8530 is an unknown value
R13=0x00007ff2975aa4c0 is an unknown value
R14=0x00007ff2975aa598 is an unknown value
R15=0x000070000e8522e8 is pointing into the stack for thread: 0x00007ff291025800


Stack: [0x000070000e754000,0x000070000e854000],  sp=0x000070000e850360,  free space=1008k
Native frames: (J=compiled Java code, j=interpreted, Vv=VM code, C=native code)
V  [libjvm.dylib+0x4b69b0]
V  [libjvm.dylib+0x4b7035]
V  [libjvm.dylib+0x4b6de4]
V  [libjvm.dylib+0x3fb816]
V  [libjvm.dylib+0x19a90c]
V  [libjvm.dylib+0x199531]
V  [libjvm.dylib+0x138734]
V  [libjvm.dylib+0x1a4997]
V  [libjvm.dylib+0x1a3e6c]
V  [libjvm.dylib+0x55ae76]
V  [libjvm.dylib+0x55ad3b]
V  [libjvm.dylib+0x489627]
C  [libsystem_pthread.dylib+0x6950]  _pthread_start+0xe0
C  [libsystem_pthread.dylib+0x247b]  thread_start+0xf
C  0x0000000000000000


Current CompileTask:
C2:  56009 8477       4       com.google.common.collect.Interners$InternerImpl::intern (50 bytes)


---------------  P R O C E S S  ---------------

Java Threads: ( => current thread )
  0x00007ff291162800 JavaThread "Cache worker for execution history cache (/Users/genisys/Documents/Project/ClinicGenie/android/.gradle/6.7/executionHistory)" [_thread_blocked, id=130819, stack(0x0000700016f69000,0x0000700017069000)]
  0x00007ff290335800 JavaThread "Execution worker for ':' Thread 7" [_thread_blocked, id=88323, stack(0x0000700016e66000,0x0000700016f66000)]
  0x00007ff28eea4000 JavaThread "Execution worker for ':' Thread 6" [_thread_blocked, id=87811, stack(0x0000700016d63000,0x0000700016e63000)]
  0x00007ff294c37800 JavaThread "Execution worker for ':' Thread 5" [_thread_blocked, id=87299, stack(0x0000700016c60000,0x0000700016d60000)]
  0x00007ff294c25000 JavaThread "Execution worker for ':' Thread 4" [_thread_blocked, id=65795, stack(0x0000700016b5d000,0x0000700016c5d000)]
  0x00007ff295a47000 JavaThread "Execution worker for ':' Thread 3" [_thread_blocked, id=66307, stack(0x0000700016a5a000,0x0000700016b5a000)]
  0x00007ff294c24000 JavaThread "Execution worker for ':' Thread 2" [_thread_in_Java, id=65283, stack(0x0000700016957000,0x0000700016a57000)]
  0x00007ff2973e8000 JavaThread "Execution worker for ':'" [_thread_blocked, id=67075, stack(0x0000700016854000,0x0000700016954000)]
  0x00007ff29038f000 JavaThread "Memory manager" [_thread_blocked, id=65027, stack(0x0000700016751000,0x0000700016851000)]
  0x00007ff28fc43000 JavaThread "pool-1-thread-1" [_thread_blocked, id=64771, stack(0x000070001664e000,0x000070001674e000)]
  0x00007ff28e92c800 JavaThread "jar transforms Thread 92" [_thread_blocked, id=64259, stack(0x000070001654b000,0x000070001664b000)]
  0x00007ff28f5fb000 JavaThread "jar transforms Thread 91" [_thread_blocked, id=68099, stack(0x0000700016448000,0x0000700016548000)]
  0x00007ff291e59800 JavaThread "jar transforms Thread 90" [_thread_blocked, id=63747, stack(0x0000700016345000,0x0000700016445000)]
  0x00007ff28f5fa000 JavaThread "jar transforms Thread 89" [_thread_blocked, id=63235, stack(0x0000700016242000,0x0000700016342000)]
  0x00007ff291e59000 JavaThread "jar transforms Thread 88" [_thread_blocked, id=62723, stack(0x000070001613f000,0x000070001623f000)]
  0x00007ff297620000 JavaThread "jar transforms Thread 87" [_thread_blocked, id=62211, stack(0x000070001603c000,0x000070001613c000)]
  0x00007ff28f5f9000 JavaThread "jar transforms Thread 86" [_thread_blocked, id=68611, stack(0x0000700015f39000,0x0000700016039000)]
  0x00007ff29761f000 JavaThread "jar transforms Thread 85" [_thread_blocked, id=61699, stack(0x0000700015e36000,0x0000700015f36000)]
  0x00007ff28e92b800 JavaThread "jar transforms Thread 84" [_thread_blocked, id=69123, stack(0x0000700015d33000,0x0000700015e33000)]
  0x00007ff295c4a800 JavaThread "jar transforms Thread 83" [_thread_blocked, id=61187, stack(0x0000700015c30000,0x0000700015d30000)]
  0x00007ff2998ca000 JavaThread "jar transforms Thread 82" [_thread_blocked, id=69635, stack(0x0000700015b2d000,0x0000700015c2d000)]
  0x00007ff28fbba000 JavaThread "jar transforms Thread 81" [_thread_blocked, id=70147, stack(0x0000700015a2a000,0x0000700015b2a000)]
  0x00007ff295c49800 JavaThread "jar transforms Thread 80" [_thread_blocked, id=70659, stack(0x0000700015927000,0x0000700015a27000)]
  0x00007ff29761e000 JavaThread "jar transforms Thread 79" [_thread_blocked, id=70915, stack(0x0000700015824000,0x0000700015924000)]
  0x00007ff28fbb9000 JavaThread "jar transforms Thread 78" [_thread_blocked, id=71427, stack(0x0000700015721000,0x0000700015821000)]
  0x00007ff28f5f8800 JavaThread "jar transforms Thread 77" [_thread_blocked, id=71939, stack(0x000070001561e000,0x000070001571e000)]
  0x00007ff28f5f7800 JavaThread "jar transforms Thread 76" [_thread_blocked, id=72195, stack(0x000070001551b000,0x000070001561b000)]
  0x00007ff28fbb8000 JavaThread "jar transforms Thread 75" [_thread_blocked, id=72707, stack(0x0000700015418000,0x0000700015518000)]
  0x00007ff28fbb7800 JavaThread "jar transforms Thread 74" [_thread_blocked, id=60163, stack(0x0000700015315000,0x0000700015415000)]
  0x00007ff291e58000 JavaThread "jar transforms Thread 73" [_thread_blocked, id=59907, stack(0x0000700015212000,0x0000700015312000)]
  0x00007ff28e92a800 JavaThread "jar transforms Thread 72" [_thread_blocked, id=59395, stack(0x000070001510f000,0x000070001520f000)]
  0x00007ff28e92a000 JavaThread "jar transforms Thread 71" [_thread_blocked, id=73219, stack(0x000070001500c000,0x000070001510c000)]
  0x00007ff29761d000 JavaThread "jar transforms Thread 70" [_thread_blocked, id=73475, stack(0x0000700014f09000,0x0000700015009000)]
  0x00007ff291e57000 JavaThread "jar transforms Thread 69" [_thread_blocked, id=73731, stack(0x0000700014e06000,0x0000700014f06000)]
  0x00007ff28f5f6800 JavaThread "jar transforms Thread 68" [_thread_blocked, id=74243, stack(0x0000700014d03000,0x0000700014e03000)]
  0x00007ff2998c9800 JavaThread "jar transforms Thread 67" [_thread_blocked, id=58371, stack(0x0000700014c00000,0x0000700014d00000)]
  0x00007ff294aac800 JavaThread "jar transforms Thread 66" [_thread_blocked, id=57859, stack(0x0000700014afd000,0x0000700014bfd000)]
  0x00007ff28e929000 JavaThread "jar transforms Thread 65" [_thread_blocked, id=74755, stack(0x00007000149fa000,0x0000700014afa000)]
  0x00007ff29761c800 JavaThread "jar transforms Thread 64" [_thread_blocked, id=57347, stack(0x00007000148f7000,0x00007000149f7000)]
  0x00007ff29761b800 JavaThread "jar transforms Thread 63" [_thread_blocked, id=75267, stack(0x00007000147f4000,0x00007000148f4000)]
  0x00007ff28fbb6800 JavaThread "jar transforms Thread 62" [_thread_blocked, id=56835, stack(0x00007000146f1000,0x00007000147f1000)]
  0x00007ff2998c8800 JavaThread "jar transforms Thread 61" [_thread_blocked, id=56579, stack(0x00007000145ee000,0x00007000146ee000)]
  0x00007ff295c49000 JavaThread "jar transforms Thread 60" [_thread_blocked, id=76291, stack(0x00007000144eb000,0x00007000145eb000)]
  0x00007ff28f5f5800 JavaThread "jar transforms Thread 59" [_thread_blocked, id=76547, stack(0x00007000143e8000,0x00007000144e8000)]
  0x00007ff295c48000 JavaThread "jar transforms Thread 58" [_thread_blocked, id=56067, stack(0x00007000142e5000,0x00007000143e5000)]
  0x00007ff28f5f5000 JavaThread "jar transforms Thread 57" [_thread_blocked, id=77315, stack(0x00007000141e2000,0x00007000142e2000)]
  0x00007ff295c47000 JavaThread "jar transforms Thread 56" [_thread_blocked, id=55555, stack(0x00007000140df000,0x00007000141df000)]
  0x00007ff28e928000 JavaThread "jar transforms Thread 55" [_thread_blocked, id=55299, stack(0x0000700013fdc000,0x00007000140dc000)]
  0x00007ff29761a800 JavaThread "jar transforms Thread 54" [_thread_blocked, id=78083, stack(0x0000700013ed9000,0x0000700013fd9000)]
  0x00007ff28f5f4000 JavaThread "jar transforms Thread 53" [_thread_blocked, id=54787, stack(0x0000700013dd6000,0x0000700013ed6000)]
  0x00007ff28f5f3000 JavaThread "jar transforms Thread 52" [_thread_blocked, id=78595, stack(0x0000700013cd3000,0x0000700013dd3000)]
  0x00007ff295bbd800 JavaThread "jar transforms Thread 51" [_thread_blocked, id=54275, stack(0x0000700013bd0000,0x0000700013cd0000)]
  0x00007ff290586000 JavaThread "jar transforms Thread 50" [_thread_blocked, id=78851, stack(0x0000700013acd000,0x0000700013bcd000)]
  0x00007ff28e927000 JavaThread "jar transforms Thread 49" [_thread_blocked, id=79363, stack(0x00007000139ca000,0x0000700013aca000)]
  0x00007ff28f5f2000 JavaThread "jar transforms Thread 48" [_thread_blocked, id=79875, stack(0x00007000138c7000,0x00007000139c7000)]
  0x00007ff297619800 JavaThread "jar transforms Thread 47" [_thread_blocked, id=53507, stack(0x00007000137c4000,0x00007000138c4000)]
  0x00007ff294aab800 JavaThread "jar transforms Thread 46" [_thread_blocked, id=53251, stack(0x00007000136c1000,0x00007000137c1000)]
  0x00007ff297619000 JavaThread "jar transforms Thread 45" [_thread_blocked, id=52995, stack(0x00007000135be000,0x00007000136be000)]
  0x00007ff28e926800 JavaThread "jar transforms Thread 44" [_thread_blocked, id=52483, stack(0x00007000134bb000,0x00007000135bb000)]
  0x00007ff28f5f1800 JavaThread "jar transforms Thread 43" [_thread_blocked, id=80643, stack(0x00007000133b8000,0x00007000134b8000)]
  0x00007ff294aab000 JavaThread "jar transforms Thread 42" [_thread_blocked, id=51715, stack(0x00007000132b5000,0x00007000133b5000)]
  0x00007ff295bbc800 JavaThread "jar transforms Thread 41" [_thread_blocked, id=51459, stack(0x00007000131b2000,0x00007000132b2000)]
  0x00007ff28e925800 JavaThread "jar transforms Thread 40" [_thread_blocked, id=50947, stack(0x00007000130af000,0x00007000131af000)]
  0x00007ff294aaa000 JavaThread "jar transforms Thread 39" [_thread_blocked, id=50435, stack(0x0000700012fac000,0x00007000130ac000)]
  0x00007ff28e8c8000 JavaThread "jar transforms Thread 38" [_thread_blocked, id=49923, stack(0x0000700012ea9000,0x0000700012fa9000)]
  0x00007ff297618000 JavaThread "jar transforms Thread 37" [_thread_blocked, id=49667, stack(0x0000700012da6000,0x0000700012ea6000)]
  0x00007ff28e8c7800 JavaThread "jar transforms Thread 36" [_thread_blocked, id=81667, stack(0x0000700012ca3000,0x0000700012da3000)]
  0x00007ff28ea1f000 JavaThread "jar transforms Thread 35" [_thread_blocked, id=49155, stack(0x0000700012ba0000,0x0000700012ca0000)]
  0x00007ff297617000 JavaThread "jar transforms Thread 34" [_thread_blocked, id=48899, stack(0x0000700012a9d000,0x0000700012b9d000)]
  0x00007ff28fbb5800 JavaThread "jar transforms Thread 33" [_thread_blocked, id=48643, stack(0x000070001299a000,0x0000700012a9a000)]
  0x00007ff2998c7800 JavaThread "jar transforms Thread 32" [_thread_blocked, id=48131, stack(0x0000700012897000,0x0000700012997000)]
  0x00007ff28f5f0800 JavaThread "jar transforms Thread 31" [_thread_blocked, id=82691, stack(0x0000700012794000,0x0000700012894000)]
  0x00007ff297616000 JavaThread "jar transforms Thread 30" [_thread_blocked, id=83203, stack(0x0000700012691000,0x0000700012791000)]
  0x00007ff297302800 JavaThread "jar transforms Thread 29" [_thread_blocked, id=83459, stack(0x000070001258e000,0x000070001268e000)]
  0x00007ff28fbb4800 JavaThread "jar transforms Thread 28" [_thread_blocked, id=83971, stack(0x000070001248b000,0x000070001258b000)]
  0x00007ff291a06000 JavaThread "jar transforms Thread 27" [_thread_blocked, id=84227, stack(0x0000700012388000,0x0000700012488000)]
  0x00007ff2998c6800 JavaThread "jar transforms Thread 26" [_thread_blocked, id=47107, stack(0x0000700012285000,0x0000700012385000)]
  0x00007ff28f5ef800 JavaThread "jar transforms Thread 25" [_thread_blocked, id=46851, stack(0x0000700012182000,0x0000700012282000)]
  0x00007ff28ea1e000 JavaThread "jar transforms Thread 24" [_thread_blocked, id=84739, stack(0x000070001207f000,0x000070001217f000)]
  0x00007ff297302000 JavaThread "jar transforms Thread 23" [_thread_blocked, id=84995, stack(0x0000700011f7c000,0x000070001207c000)]
  0x00007ff28e9f3000 JavaThread "jar transforms Thread 22" [_thread_blocked, id=45827, stack(0x0000700011e79000,0x0000700011f79000)]
  0x00007ff28f5ee800 JavaThread "jar transforms Thread 21" [_thread_blocked, id=85507, stack(0x0000700011d76000,0x0000700011e76000)]
  0x00007ff28fb54000 JavaThread "jar transforms Thread 20" [_thread_blocked, id=85763, stack(0x0000700011c73000,0x0000700011d73000)]
  0x00007ff28edc8000 JavaThread "jar transforms Thread 19" [_thread_blocked, id=45059, stack(0x0000700011b70000,0x0000700011c70000)]
  0x00007ff2998c6000 JavaThread "jar transforms Thread 18" [_thread_blocked, id=86275, stack(0x0000700011a6d000,0x0000700011b6d000)]
  0x00007ff297301000 JavaThread "jar transforms Thread 17" [_thread_blocked, id=86531, stack(0x000070001196a000,0x0000700011a6a000)]
  0x00007ff28fb53000 JavaThread "jar transforms Thread 16" [_thread_blocked, id=86787, stack(0x0000700011867000,0x0000700011967000)]
  0x00007ff294aa9000 JavaThread "jar transforms Thread 15" [_thread_blocked, id=44035, stack(0x0000700011764000,0x0000700011864000)]
  0x00007ff294aa8000 JavaThread "jar transforms Thread 14" [_thread_blocked, id=87043, stack(0x0000700011661000,0x0000700011761000)]
  0x00007ff28f5ee000 JavaThread "jar transforms Thread 13" [_thread_blocked, id=31747, stack(0x000070001155e000,0x000070001165e000)]
  0x00007ff295bbc000 JavaThread "jar transforms Thread 12" [_thread_blocked, id=32259, stack(0x000070001145b000,0x000070001155b000)]
  0x00007ff295bbb000 JavaThread "jar transforms Thread 11" [_thread_blocked, id=32515, stack(0x0000700011358000,0x0000700011458000)]
  0x00007ff294aa7800 JavaThread "jar transforms Thread 10" [_thread_blocked, id=30979, stack(0x0000700011255000,0x0000700011355000)]
  0x00007ff2972ff800 JavaThread "jar transforms Thread 9" [_thread_blocked, id=33027, stack(0x0000700011152000,0x0000700011252000)]
  0x00007ff2998c5000 JavaThread "jar transforms Thread 8" [_thread_blocked, id=30467, stack(0x000070001104f000,0x000070001114f000)]
  0x00007ff2972fe800 JavaThread "jar transforms Thread 7" [_thread_blocked, id=33539, stack(0x0000700010f4c000,0x000070001104c000)]
  0x00007ff2972fc800 JavaThread "jar transforms Thread 6" [_thread_blocked, id=29955, stack(0x0000700010e49000,0x0000700010f49000)]
  0x00007ff294aa6800 JavaThread "jar transforms Thread 5" [_thread_blocked, id=33795, stack(0x0000700010d46000,0x0000700010e46000)]
  0x00007ff2998d4800 JavaThread "jar transforms Thread 4" [_thread_blocked, id=34051, stack(0x0000700010c43000,0x0000700010d43000)]
  0x00007ff28f20a800 JavaThread "jar transforms Thread 3" [_thread_blocked, id=28931, stack(0x0000700010b40000,0x0000700010c40000)]
  0x00007ff28f209800 JavaThread "jar transforms Thread 2" [_thread_blocked, id=28675, stack(0x0000700010a3d000,0x0000700010b3d000)]
  0x00007ff295bb8000 JavaThread "Build operations Thread 8" [_thread_in_Java, id=34819, stack(0x000070001093a000,0x0000700010a3a000)]
  0x00007ff28fb4e800 JavaThread "Build operations Thread 7" [_thread_blocked, id=35075, stack(0x0000700010837000,0x0000700010937000)]
  0x00007ff29483c000 JavaThread "Build operations Thread 6" [_thread_blocked, id=35587, stack(0x0000700010734000,0x0000700010834000)]
  0x00007ff295c3d800 JavaThread "Build operations Thread 5" [_thread_blocked, id=28163, stack(0x0000700010631000,0x0000700010731000)]
  0x00007ff29483b000 JavaThread "Build operations Thread 4" [_thread_blocked, id=36099, stack(0x000070001052e000,0x000070001062e000)]
  0x00007ff291afc000 JavaThread "Build operations Thread 3" [_thread_blocked, id=36355, stack(0x000070001042b000,0x000070001052b000)]
  0x00007ff28f20d800 JavaThread "Build operations Thread 2" [_thread_blocked, id=14087, stack(0x0000700010328000,0x0000700010428000)]
  0x00007ff29734c000 JavaThread "Build operations" [_thread_blocked, id=18695, stack(0x0000700010225000,0x0000700010325000)]
  0x00007ff28eab1800 JavaThread "Cache worker for Build Output Cleanup Cache (/Users/genisys/Documents/Project/ClinicGenie/android/.gradle/buildOutputCleanup)" [_thread_blocked, id=27139, stack(0x0000700010122000,0x0000700010222000)]
  0x00007ff28ebff800 JavaThread "process reaper" daemon [_thread_blocked, id=37123, stack(0x000070000e4cb000,0x000070000e4f3000)]
  0x00007ff297170800 JavaThread "Cache worker for file content cache (/Users/genisys/.gradle/caches/6.7/fileContent)" [_thread_blocked, id=26883, stack(0x000070000ff9c000,0x000070001009c000)]
  0x00007ff28eb54800 JavaThread "jar transforms" [_thread_blocked, id=26371, stack(0x000070000fe99000,0x000070000ff99000)]
  0x00007ff2910f9800 JavaThread "Cache worker for execution history cache (/Users/genisys/.gradle/caches/6.7/executionHistory)" [_thread_blocked, id=26115, stack(0x000070000fd96000,0x000070000fe96000)]
  0x00007ff29003c800 JavaThread "Cache worker for cache directory md-rule (/Users/genisys/.gradle/caches/6.7/md-rule)" [_thread_blocked, id=38147, stack(0x000070000fc93000,0x000070000fd93000)]
  0x00007ff2910fb000 JavaThread "Cache worker for cache directory md-supplier (/Users/genisys/.gradle/caches/6.7/md-supplier)" [_thread_blocked, id=38403, stack(0x000070000fb90000,0x000070000fc90000)]
  0x00007ff28ecc8000 JavaThread "Cache worker for checksums cache (/Users/genisys/Documents/Project/ClinicGenie/android/.gradle/checksums)" [_thread_blocked, id=38915, stack(0x000070000fa8d000,0x000070000fb8d000)]
  0x00007ff2920f4800 JavaThread "Cache worker for file hash cache (/Users/genisys/Documents/Project/ClinicGenie/android/.gradle/6.7/fileHashes)" [_thread_blocked, id=39171, stack(0x000070000f98a000,0x000070000fa8a000)]
  0x00007ff28e985800 JavaThread "Cache worker for journal cache (/Users/genisys/.gradle/caches/journal-1)" [_thread_blocked, id=25347, stack(0x000070000f887000,0x000070000f987000)]
  0x00007ff28edc9000 JavaThread "File lock request listener" [_thread_in_native, id=39683, stack(0x000070000f784000,0x000070000f884000)]
  0x00007ff28f0a2800 JavaThread "Cache worker for file hash cache (/Users/genisys/.gradle/caches/6.7/fileHashes)" [_thread_blocked, id=17675, stack(0x000070000f681000,0x000070000f781000)]
  0x00007ff28edc3000 JavaThread "Thread-9" [_thread_blocked, id=24835, stack(0x000070000f57e000,0x000070000f67e000)]
  0x00007ff2915d6000 JavaThread "Stdin handler" [_thread_blocked, id=24323, stack(0x000070000f47b000,0x000070000f57b000)]
  0x00007ff28edc2000 JavaThread "Asynchronous log dispatcher for DefaultDaemonConnection: socket connection from /127.0.0.1:49527 to /127.0.0.1:49528" [_thread_blocked, id=24067, stack(0x000070000f378000,0x000070000f478000)]
  0x00007ff2915c7800 JavaThread "Daemon worker" [_thread_blocked, id=40707, stack(0x000070000f275000,0x000070000f375000)]
  0x00007ff291baa800 JavaThread "Cancel handler" [_thread_blocked, id=23555, stack(0x000070000f172000,0x000070000f272000)]
  0x00007ff2921c8000 JavaThread "Handler for socket connection from /127.0.0.1:49527 to /127.0.0.1:49528" [_thread_in_native, id=41475, stack(0x000070000f06f000,0x000070000f16f000)]
  0x00007ff28eda6800 JavaThread "Daemon" [_thread_blocked, id=23299, stack(0x000070000ef6c000,0x000070000f06c000)]
  0x00007ff28f3d1000 JavaThread "Daemon periodic checks" [_thread_blocked, id=42243, stack(0x000070000ee69000,0x000070000ef69000)]
  0x00007ff28f3d0000 JavaThread "Incoming local TCP Connector on port 49527" [_thread_in_native, id=23043, stack(0x000070000ed66000,0x000070000ee66000)]
  0x00007ff28f3bb800 JavaThread "Daemon health stats" [_thread_blocked, id=22787, stack(0x000070000ec63000,0x000070000ed63000)]
  0x00007ff291812800 JavaThread "Service Thread" daemon [_thread_blocked, id=43011, stack(0x000070000ea5d000,0x000070000eb5d000)]
  0x00007ff291027800 JavaThread "C1 CompilerThread3" daemon [_thread_in_native, id=21763, stack(0x000070000e95a000,0x000070000ea5a000)]
  0x00007ff291026800 JavaThread "C2 CompilerThread2" daemon [_thread_blocked, id=15875, stack(0x000070000e857000,0x000070000e957000)]
=>0x00007ff291025800 JavaThread "C2 CompilerThread1" daemon [_thread_in_native, id=16131, stack(0x000070000e754000,0x000070000e854000)]
  0x00007ff291024000 JavaThread "C2 CompilerThread0" daemon [_thread_in_native, id=16387, stack(0x000070000e651000,0x000070000e751000)]
  0x00007ff291022000 JavaThread "Signal Dispatcher" daemon [_thread_blocked, id=14851, stack(0x000070000e54e000,0x000070000e64e000)]
  0x00007ff28e830000 JavaThread "Finalizer" daemon [_thread_blocked, id=12803, stack(0x000070000e345000,0x000070000e445000)]
  0x00007ff28e82d000 JavaThread "Reference Handler" daemon [_thread_blocked, id=19459, stack(0x000070000e242000,0x000070000e342000)]
  0x00007ff291009000 JavaThread "main" [_thread_blocked, id=10499, stack(0x000070000d824000,0x000070000d924000)]

Other Threads:
  0x00007ff28e82c800 VMThread [stack: 0x000070000e13f000,0x000070000e23f000] [id=19715]
  0x00007ff28f00d000 WatcherThread [stack: 0x000070000eb60000,0x000070000ec60000] [id=22275]

VM state:not at safepoint (normal execution)

VM Mutex/Monitor currently owned by a thread: None

heap address: 0x00000007d0800000, size: 512 MB, Compressed Oops mode: Zero based, Oop shift amount: 3
Narrow klass base: 0x00000007f0800000, Narrow klass shift: 0
Compressed class space size: 1073741824 Address: 0x00000007f0800000

Heap:
 PSYoungGen      total 141312K, used 25116K [0x00000007e5d80000, 0x00000007f0800000, 0x00000007f0800000)
  eden space 119296K, 2% used [0x00000007e5d80000,0x00000007e6088d00,0x00000007ed200000)
  from space 22016K, 99% used [0x00000007ef280000,0x00000007f07fe4e0,0x00000007f0800000)
  to   space 27648K, 0% used [0x00000007ed200000,0x00000007ed200000,0x00000007eed00000)
 ParOldGen       total 223232K, used 42481K [0x00000007d0800000, 0x00000007de200000, 0x00000007e5d80000)
  object space 223232K, 19% used [0x00000007d0800000,0x00000007d317c5a8,0x00000007de200000)
 Metaspace       used 67384K, capacity 71418K, committed 71680K, reserved 1110016K
  class space    used 9565K, capacity 10488K, committed 10496K, reserved 1048576K

Card table byte_map: [0x000000010cc8a000,0x000000010cd8b000] byte_map_base: 0x0000000108e06000

Marking Bits: (ParMarkBitMap*) 0x0000000111710e38
 Begin Bits: [0x0000000111d9e000, 0x000000011259e000)
 End Bits:   [0x000000011259e000, 0x0000000112d9e000)

Polling page: 0x000000010cc33000

CodeCache: size=245760Kb used=24428Kb max_used=24428Kb free=221331Kb
 bounds [0x00000001139ac000, 0x00000001151ac000, 0x00000001229ac000]
 total_blobs=8471 nmethods=7680 adapters=703
 compilation: enabled

Compilation events (10 events):
Event: 55.946 Thread 0x00007ff291027800 8799       3       java.util.RegularEnumSet::iterator (9 bytes)
Event: 55.948 Thread 0x00007ff291027800 nmethod 8799 0x0000000115184810 code [0x0000000115184980, 0x0000000115184c70]
Event: 55.959 Thread 0x00007ff291027800 8800       3       org.gradle.internal.file.DefaultFileHierarchySet$Node::isChildOfOrThis (110 bytes)
Event: 55.960 Thread 0x00007ff291027800 nmethod 8800 0x0000000115188290 code [0x00000001151884a0, 0x00000001151892c8]
Event: 55.961 Thread 0x00007ff291024000 nmethod 8754 0x0000000115189a50 code [0x0000000115189ca0, 0x000000011518b470]
Event: 55.962 Thread 0x00007ff291024000 8798 %     4       org.apache.commons.io.FilenameUtils::failIfNullBytePresent @ 7 (37 bytes)
Event: 55.964 Thread 0x00007ff291026800 nmethod 8797 0x0000000115185750 code [0x00000001151858e0, 0x0000000115185f68]
Event: 55.967 Thread 0x00007ff291024000 nmethod 8798% 0x00000001151867d0 code [0x0000000115186940, 0x0000000115186c38]
Event: 55.971 Thread 0x00007ff291027800 8801       3       org.gradle.internal.execution.steps.CaptureStateBeforeExecutionStep$$Lambda$624/1826805485::visitInputFileProperty (17 bytes)
Event: 55.972 Thread 0x00007ff291027800 nmethod 8801 0x0000000115185310 code [0x0000000115185480, 0x0000000115185628]

GC Heap History (10 events):
Event: 21.114 GC heap after
Heap after GC invocations=10 (full 2):
 PSYoungGen      total 162304K, used 5772K [0x00000007e5d80000, 0x00000007f0800000, 0x00000007f0800000)
  eden space 150016K, 0% used [0x00000007e5d80000,0x00000007e5d80000,0x00000007ef000000)
  from space 12288K, 46% used [0x00000007efc00000,0x00000007f01a30c8,0x00000007f0800000)
  to   space 12288K, 0% used [0x00000007ef000000,0x00000007ef000000,0x00000007efc00000)
 ParOldGen       total 175104K, used 15930K [0x00000007d0800000, 0x00000007db300000, 0x00000007e5d80000)
  object space 175104K, 9% used [0x00000007d0800000,0x00000007d178e918,0x00000007db300000)
 Metaspace       used 37563K, capacity 39220K, committed 39552K, reserved 1083392K
  class space    used 5280K, capacity 5651K, committed 5760K, reserved 1048576K
}
Event: 32.491 GC heap before
{Heap before GC invocations=11 (full 2):
 PSYoungGen      total 162304K, used 155788K [0x00000007e5d80000, 0x00000007f0800000, 0x00000007f0800000)
  eden space 150016K, 100% used [0x00000007e5d80000,0x00000007ef000000,0x00000007ef000000)
  from space 12288K, 46% used [0x00000007efc00000,0x00000007f01a30c8,0x00000007f0800000)
  to   space 12288K, 0% used [0x00000007ef000000,0x00000007ef000000,0x00000007efc00000)
 ParOldGen       total 175104K, used 15930K [0x00000007d0800000, 0x00000007db300000, 0x00000007e5d80000)
  object space 175104K, 9% used [0x00000007d0800000,0x00000007d178e918,0x00000007db300000)
 Metaspace       used 51164K, capacity 53384K, committed 53632K, reserved 1095680K
  class space    used 7017K, capacity 7528K, committed 7552K, reserved 1048576K
Event: 32.548 GC heap after
Heap after GC invocations=11 (full 2):
 PSYoungGen      total 162304K, used 12276K [0x00000007e5d80000, 0x00000007f0800000, 0x00000007f0800000)
  eden space 150016K, 0% used [0x00000007e5d80000,0x00000007e5d80000,0x00000007ef000000)
  from space 12288K, 99% used [0x00000007ef000000,0x00000007efbfd278,0x00000007efc00000)
  to   space 12288K, 0% used [0x00000007efc00000,0x00000007efc00000,0x00000007f0800000)
 ParOldGen       total 175104K, used 24591K [0x00000007d0800000, 0x00000007db300000, 0x00000007e5d80000)
  object space 175104K, 14% used [0x00000007d0800000,0x00000007d2003f38,0x00000007db300000)
 Metaspace       used 51164K, capacity 53384K, committed 53632K, reserved 1095680K
  class space    used 7017K, capacity 7528K, committed 7552K, reserved 1048576K
}
Event: 46.978 GC heap before
{Heap before GC invocations=12 (full 2):
 PSYoungGen      total 162304K, used 104161K [0x00000007e5d80000, 0x00000007f0800000, 0x00000007f0800000)
  eden space 150016K, 61% used [0x00000007e5d80000,0x00000007eb73b1b8,0x00000007ef000000)
  from space 12288K, 99% used [0x00000007ef000000,0x00000007efbfd278,0x00000007efc00000)
  to   space 12288K, 0% used [0x00000007efc00000,0x00000007efc00000,0x00000007f0800000)
 ParOldGen       total 175104K, used 24591K [0x00000007d0800000, 0x00000007db300000, 0x00000007e5d80000)
  object space 175104K, 14% used [0x00000007d0800000,0x00000007d2003f38,0x00000007db300000)
 Metaspace       used 56329K, capacity 58852K, committed 59028K, reserved 1099776K
  class space    used 7871K, capacity 8419K, committed 8448K, reserved 1048576K
Event: 47.016 GC heap after
Heap after GC invocations=12 (full 2):
 PSYoungGen      total 145920K, used 12278K [0x00000007e5d80000, 0x00000007f0800000, 0x00000007f0800000)
  eden space 133632K, 0% used [0x00000007e5d80000,0x00000007e5d80000,0x00000007ee000000)
  from space 12288K, 99% used [0x00000007efc00000,0x00000007f07fdb00,0x00000007f0800000)
  to   space 20480K, 0% used [0x00000007ee000000,0x00000007ee000000,0x00000007ef400000)
 ParOldGen       total 175104K, used 33831K [0x00000007d0800000, 0x00000007db300000, 0x00000007e5d80000)
  object space 175104K, 19% used [0x00000007d0800000,0x00000007d2909d18,0x00000007db300000)
 Metaspace       used 56329K, capacity 58852K, committed 59028K, reserved 1099776K
  class space    used 7871K, capacity 8419K, committed 8448K, reserved 1048576K
}
Event: 47.016 GC heap before
{Heap before GC invocations=13 (full 3):
 PSYoungGen      total 145920K, used 12278K [0x00000007e5d80000, 0x00000007f0800000, 0x00000007f0800000)
  eden space 133632K, 0% used [0x00000007e5d80000,0x00000007e5d80000,0x00000007ee000000)
  from space 12288K, 99% used [0x00000007efc00000,0x00000007f07fdb00,0x00000007f0800000)
  to   space 20480K, 0% used [0x00000007ee000000,0x00000007ee000000,0x00000007ef400000)
 ParOldGen       total 175104K, used 33831K [0x00000007d0800000, 0x00000007db300000, 0x00000007e5d80000)
  object space 175104K, 19% used [0x00000007d0800000,0x00000007d2909d18,0x00000007db300000)
 Metaspace       used 56329K, capacity 58852K, committed 59028K, reserved 1099776K
  class space    used 7871K, capacity 8419K, committed 8448K, reserved 1048576K
Event: 47.337 GC heap after
Heap after GC invocations=13 (full 3):
 PSYoungGen      total 145920K, used 0K [0x00000007e5d80000, 0x00000007f0800000, 0x00000007f0800000)
  eden space 133632K, 0% used [0x00000007e5d80000,0x00000007e5d80000,0x00000007ee000000)
  from space 12288K, 0% used [0x00000007efc00000,0x00000007efc00000,0x00000007f0800000)
  to   space 20480K, 0% used [0x00000007ee000000,0x00000007ee000000,0x00000007ef400000)
 ParOldGen       total 223232K, used 36112K [0x00000007d0800000, 0x00000007de200000, 0x00000007e5d80000)
  object space 223232K, 16% used [0x00000007d0800000,0x00000007d2b440b0,0x00000007de200000)
 Metaspace       used 56324K, capacity 58834K, committed 59028K, reserved 1099776K
  class space    used 7869K, capacity 8416K, committed 8448K, reserved 1048576K
}
Event: 53.096 GC heap before
{Heap before GC invocations=14 (full 3):
 PSYoungGen      total 145920K, used 133632K [0x00000007e5d80000, 0x00000007f0800000, 0x00000007f0800000)
  eden space 133632K, 100% used [0x00000007e5d80000,0x00000007ee000000,0x00000007ee000000)
  from space 12288K, 0% used [0x00000007efc00000,0x00000007efc00000,0x00000007f0800000)
  to   space 20480K, 0% used [0x00000007ee000000,0x00000007ee000000,0x00000007ef400000)
 ParOldGen       total 223232K, used 36112K [0x00000007d0800000, 0x00000007de200000, 0x00000007e5d80000)
  object space 223232K, 16% used [0x00000007d0800000,0x00000007d2b440b0,0x00000007de200000)
 Metaspace       used 63138K, capacity 66550K, committed 66688K, reserved 1105920K
  class space    used 8972K, capacity 9788K, committed 9856K, reserved 1048576K
Event: 53.123 GC heap after
Heap after GC invocations=14 (full 3):
 PSYoungGen      total 152576K, used 18649K [0x00000007e5d80000, 0x00000007f0800000, 0x00000007f0800000)
  eden space 133632K, 0% used [0x00000007e5d80000,0x00000007e5d80000,0x00000007ee000000)
  from space 18944K, 98% used [0x00000007ee000000,0x00000007ef236488,0x00000007ef280000)
  to   space 22016K, 0% used [0x00000007ef280000,0x00000007ef280000,0x00000007f0800000)
 ParOldGen       total 223232K, used 36120K [0x00000007d0800000, 0x00000007de200000, 0x00000007e5d80000)
  object space 223232K, 16% used [0x00000007d0800000,0x00000007d2b460b0,0x00000007de200000)
 Metaspace       used 63138K, capacity 66550K, committed 66688K, reserved 1105920K
  class space    used 8972K, capacity 9788K, committed 9856K, reserved 1048576K
}
Event: 55.973 GC heap before
{Heap before GC invocations=15 (full 3):
 PSYoungGen      total 152576K, used 152281K [0x00000007e5d80000, 0x00000007f0800000, 0x00000007f0800000)
  eden space 133632K, 100% used [0x00000007e5d80000,0x00000007ee000000,0x00000007ee000000)
  from space 18944K, 98% used [0x00000007ee000000,0x00000007ef236488,0x00000007ef280000)
  to   space 22016K, 0% used [0x00000007ef280000,0x00000007ef280000,0x00000007f0800000)
 ParOldGen       total 223232K, used 36120K [0x00000007d0800000, 0x00000007de200000, 0x00000007e5d80000)
  object space 223232K, 16% used [0x00000007d0800000,0x00000007d2b460b0,0x00000007de200000)
 Metaspace       used 67354K, capacity 71408K, committed 71424K, reserved 1110016K
  class space    used 9564K, capacity 10487K, committed 10496K, reserved 1048576K

Deoptimization events (10 events):
Event: 55.422 Thread 0x00007ff2910f9800 Uncommon trap: reason=unstable_if action=reinterpret pc=0x000000011468c3c8 method=com.esotericsoftware.kryo.io.Input.readVarInt(Z)I @ 42
Event: 55.431 Thread 0x00007ff2910f9800 Uncommon trap: reason=bimorphic action=maybe_recompile pc=0x0000000113c8a26c method=java.io.BufferedInputStream.read1([BII)I @ 39
Event: 55.462 Thread 0x00007ff29483c000 Uncommon trap: reason=unstable_if action=reinterpret pc=0x00000001142ae628 method=java.util.concurrent.ConcurrentLinkedQueue.offer(Ljava/lang/Object;)Z @ 40
Event: 55.586 Thread 0x00007ff2910f9800 Uncommon trap: reason=bimorphic action=maybe_recompile pc=0x000000011440e76c method=java.io.BufferedInputStream.read1([BII)I @ 39
Event: 55.683 Thread 0x00007ff29483c000 Uncommon trap: reason=unstable_if action=reinterpret pc=0x0000000114b6837c method=org.gradle.internal.time.MonotonicClock.advance(J)J @ 25
Event: 55.702 Thread 0x00007ff295bb8000 Uncommon trap: reason=unstable_if action=reinterpret pc=0x0000000114584cc8 method=java.util.concurrent.ConcurrentLinkedQueue.updateHead(Ljava/util/concurrent/ConcurrentLinkedQueue$Node;Ljava/util/concurrent/ConcurrentLinkedQueue$Node;)V @ 11
Event: 55.723 Thread 0x00007ff295a47000 Uncommon trap: reason=unstable_if action=reinterpret pc=0x00000001151070f0 method=org.gradle.internal.file.DefaultFileHierarchySet$Node.isChildOfOrThis(Ljava/lang/String;I)Z @ 72
Event: 55.727 Thread 0x00007ff295a47000 Uncommon trap: reason=unstable_if action=reinterpret pc=0x0000000115071568 method=java.util.concurrent.ConcurrentLinkedQueue.offer(Ljava/lang/Object;)Z @ 40
Event: 55.751 Thread 0x00007ff294c24000 Uncommon trap: reason=unstable_if action=reinterpret pc=0x00000001149a972c method=org.gradle.internal.snapshot.PathUtil.equalChars(CCLorg/gradle/internal/snapshot/CaseSensitivity;)Z @ 40
Event: 55.751 Thread 0x00007ff294c24000 Uncommon trap: reason=unstable_if action=reinterpret pc=0x00000001149558f8 method=org.gradle.internal.snapshot.PathUtil.equalChars(CCLorg/gradle/internal/snapshot/CaseSensitivity;)Z @ 40

Classes redefined (0 events):
No events

Internal exceptions (10 events):
Event: 54.369 Thread 0x00007ff294c37800 Exception <a 'java/lang/ClassNotFoundException': java/io/WriterCustomizer> (0x00000007e8c270f0) thrown at [/Users/jenkins/workspace/build-scripts/jobs/jdk8u/jdk8u-mac-x64-hotspot/workspace/build/src/hotspot/src/share/vm/classfile/systemDictionary.cpp, lin
Event: 54.369 Thread 0x00007ff294c37800 Exception <a 'java/lang/ClassNotFoundException': java/io/BufferedWriterCustomizer> (0x00000007e8c32758) thrown at [/Users/jenkins/workspace/build-scripts/jobs/jdk8u/jdk8u-mac-x64-hotspot/workspace/build/src/hotspot/src/share/vm/classfile/systemDictionary.
Event: 54.571 Thread 0x00007ff294c25000 Exception <a 'java/lang/NoSuchMethodError': java.lang.Object.lambda$identity$2(Ljava/lang/Object;)Ljava/lang/Object;> (0x00000007e93451a8) thrown at [/Users/jenkins/workspace/build-scripts/jobs/jdk8u/jdk8u-mac-x64-hotspot/workspace/build/src/hotspot/src/s
Event: 54.706 Thread 0x00007ff290335800 Implicit null exception at 0x000000011401484c to 0x0000000114014db9
Event: 54.713 Thread 0x00007ff290335800 Implicit null exception at 0x0000000113b5c5b6 to 0x0000000113b5c975
Event: 55.245 Thread 0x00007ff29483b000 Exception <a 'java/lang/NoSuchMethodError': java.lang.Object.lambda$flatMap$1(Ljava/util/function/Function;Lorg/gradle/internal/Try;)Lorg/gradle/api/internal/artifacts/transform/CacheableInvocation;> (0x00000007eb4322d8) thrown at [/Users/jenkins/workspac
Event: 55.245 Thread 0x00007ff295bb8000 Exception <a 'java/lang/NoSuchMethodError': java.lang.Object.lambda$flatMap$1(Ljava/util/function/Function;Lorg/gradle/internal/Try;)Lorg/gradle/api/internal/artifacts/transform/CacheableInvocation;> (0x00000007eb40a078) thrown at [/Users/jenkins/workspac
Event: 55.246 Thread 0x00007ff295bb8000 Exception <a 'java/lang/NoSuchMethodError': java.lang.Object.lambda$flatMap$4(Ljava/util/function/Function;)Lorg/gradle/api/internal/artifacts/transform/CacheableInvocation;> (0x00000007eb40e3e0) thrown at [/Users/jenkins/workspace/build-scripts/jobs/jdk8
Event: 55.246 Thread 0x00007ff295bb8000 Exception <a 'java/lang/NoSuchMethodError': java.lang.Object.lambda$flatMap$3(Ljava/util/function/Function;)Lorg/gradle/internal/Try;> (0x00000007eb4132a0) thrown at [/Users/jenkins/workspace/build-scripts/jobs/jdk8u/jdk8u-mac-x64-hotspot/workspace/build/
Event: 55.286 Thread 0x00007ff28fb4e800 Exception <a 'java/lang/NoSuchMethodError': java.lang.Object.lambda$flatMap$2(Ljava/util/function/Function;Ljava/lang/Object;)Lorg/gradle/internal/Try;> (0x00000007eb6a24e0) thrown at [/Users/jenkins/workspace/build-scripts/jobs/jdk8u/jdk8u-mac-x64-hotspo

Events (10 events):
Event: 55.847 Thread 0x00007ff294c24000 DEOPT UNPACKING pc=0x00000001139f34c4 sp=0x0000700016a52ff0 mode 0
Event: 55.875 Thread 0x00007ff294c24000 DEOPT PACKING pc=0x00000001148e8993 sp=0x0000700016a53210
Event: 55.875 Thread 0x00007ff294c24000 DEOPT UNPACKING pc=0x00000001139f34c4 sp=0x0000700016a52fa0 mode 0
Event: 55.919 Thread 0x00007ff294c24000 DEOPT PACKING pc=0x00000001148e8993 sp=0x0000700016a55250
Event: 55.919 Thread 0x00007ff294c24000 DEOPT UNPACKING pc=0x00000001139f34c4 sp=0x0000700016a54fe0 mode 0
Event: 55.933 Thread 0x00007ff294c24000 DEOPT PACKING pc=0x00000001148e8953 sp=0x0000700016a54f40
Event: 55.933 Thread 0x00007ff294c24000 DEOPT UNPACKING pc=0x00000001139f34c4 sp=0x0000700016a54cd0 mode 0
Event: 55.970 loading class org/gradle/internal/fingerprint/overlap/OverlappingOutputs
Event: 55.970 loading class org/gradle/internal/fingerprint/overlap/OverlappingOutputs done
Event: 55.972 Executing VM operation: ParallelGCFailedAllocation


Dynamic libraries:
0x00007fff35220000 	/System/Library/Frameworks/Cocoa.framework/Versions/A/Cocoa
0x00007fff22445000 	/System/Library/Frameworks/Security.framework/Versions/A/Security
0x00007fff3341d000 	/System/Library/Frameworks/ApplicationServices.framework/Versions/A/ApplicationServices
0x00007fff2a6ce000 	/usr/lib/libz.1.dylib
0x00007fff2a796000 	/usr/lib/libSystem.B.dylib
0x00007fff2060b000 	/System/Library/Frameworks/CoreFoundation.framework/Versions/A/CoreFoundation
0x00007fff213b8000 	/System/Library/Frameworks/Foundation.framework/Versions/C/Foundation
0x00007fff2042b000 	/usr/lib/libobjc.A.dylib
0x00007fff22e6c000 	/System/Library/Frameworks/AppKit.framework/Versions/C/AppKit
0x00007fff25d04000 	/System/Library/Frameworks/CoreData.framework/Versions/A/CoreData
0x00007fff23bcf000 	/System/Library/PrivateFrameworks/UIFoundation.framework/Versions/A/UIFoundation
0x00007fff2fdfc000 	/System/Library/PrivateFrameworks/RemoteViewServices.framework/Versions/A/RemoteViewServices
0x00007fff28bf5000 	/System/Library/PrivateFrameworks/XCTTargetBootstrap.framework/Versions/A/XCTTargetBootstrap
0x00007fff2b8d6000 	/usr/lib/libspindump.dylib
0x00007fff23e24000 	/System/Library/Frameworks/UniformTypeIdentifiers.framework/Versions/A/UniformTypeIdentifiers
0x00007fff273cb000 	/usr/lib/libapp_launch_measurement.dylib
0x00007fff273ce000 	/System/Library/PrivateFrameworks/CoreAutoLayout.framework/Versions/A/CoreAutoLayout
0x00007fff28557000 	/System/Library/Frameworks/Metal.framework/Versions/A/Metal
0x00007fff29247000 	/usr/lib/liblangid.dylib
0x00007fff28bf9000 	/System/Library/PrivateFrameworks/CoreSVG.framework/Versions/A/CoreSVG
0x00007fff24e0b000 	/System/Library/PrivateFrameworks/SkyLight.framework/Versions/A/SkyLight
0x00007fff25172000 	/System/Library/Frameworks/CoreGraphics.framework/Versions/A/CoreGraphics
0x00007fff30453000 	/System/Library/Frameworks/Accelerate.framework/Versions/A/Accelerate
0x00007fff2b311000 	/System/Library/PrivateFrameworks/IconServices.framework/Versions/A/IconServices
0x00007fff2853c000 	/System/Library/Frameworks/IOSurface.framework/Versions/A/IOSurface
0x00007fff2668d000 	/usr/lib/libDiagnosticMessagesClient.dylib
0x00007fff28be1000 	/System/Library/PrivateFrameworks/DFRFoundation.framework/Versions/A/DFRFoundation
0x00007fff22797000 	/usr/lib/libicucore.A.dylib
0x00007fff2ce1d000 	/System/Library/Frameworks/AudioToolbox.framework/Versions/A/AudioToolbox
0x00007fff2c0c2000 	/System/Library/PrivateFrameworks/DataDetectorsCore.framework/Versions/A/DataDetectorsCore
0x00007fff288e1000 	/System/Library/Frameworks/Carbon.framework/Versions/A/Frameworks/HIToolbox.framework/Versions/A/HIToolbox
0x00007fff26e26000 	/System/Library/Frameworks/QuartzCore.framework/Versions/A/QuartzCore
0x00007fff2fe38000 	/System/Library/Frameworks/Carbon.framework/Versions/A/Frameworks/SpeechRecognition.framework/Versions/A/SpeechRecognition
0x00007fff27133000 	/System/Library/PrivateFrameworks/CoreUI.framework/Versions/A/CoreUI
0x00007fff21da0000 	/System/Library/Frameworks/CoreAudio.framework/Versions/A/CoreAudio
0x00007fff26778000 	/System/Library/Frameworks/DiskArbitration.framework/Versions/A/DiskArbitration
0x00007fff2bcd1000 	/System/Library/PrivateFrameworks/MultitouchSupport.framework/Versions/A/MultitouchSupport
0x00007fff2c0b9000 	/System/Library/PrivateFrameworks/InternationalSupport.framework/Versions/A/InternationalSupport
0x00007fff24d7f000 	/usr/lib/libenergytrace.dylib
0x00007fff22d65000 	/System/Library/Frameworks/IOKit.framework/Versions/A/IOKit
0x00007fff30185000 	/System/Library/Frameworks/CoreServices.framework/Versions/A/CoreServices
0x00007fff27361000 	/System/Library/PrivateFrameworks/PerformanceAnalysis.framework/Versions/A/PerformanceAnalysis
0x00007fff6caef000 	/System/Library/Frameworks/OpenGL.framework/Versions/A/OpenGL
0x00007fff2c13e000 	/System/Library/PrivateFrameworks/UserActivity.framework/Versions/A/UserActivity
0x00007fff25806000 	/System/Library/Frameworks/ColorSync.framework/Versions/A/ColorSync
0x00007fff28e5e000 	/System/Library/Frameworks/CoreImage.framework/Versions/A/CoreImage
0x00007fff21bb7000 	/System/Library/Frameworks/CoreText.framework/Versions/A/CoreText
0x00007fff28c23000 	/System/Library/Frameworks/ImageIO.framework/Versions/A/ImageIO
0x00007fff2a79c000 	/System/Library/PrivateFrameworks/SoftLinking.framework/Versions/A/SoftLinking
0x00007fff27417000 	/usr/lib/libxml2.2.dylib
0x00007fff204f0000 	/usr/lib/libc++.1.dylib
0x00007fff2aa0e000 	/usr/lib/libcompression.dylib
0x00007fff24d80000 	/usr/lib/libMobileGestalt.dylib
0x00007fff2bfec000 	/System/Library/PrivateFrameworks/TextureIO.framework/Versions/A/TextureIO
0x00007fff2b034000 	/usr/lib/libate.dylib
0x00007fff2a790000 	/usr/lib/system/libcache.dylib
0x00007fff2a74c000 	/usr/lib/system/libcommonCrypto.dylib
0x00007fff2a776000 	/usr/lib/system/libcompiler_rt.dylib
0x00007fff2a76b000 	/usr/lib/system/libcopyfile.dylib
0x00007fff20319000 	/usr/lib/system/libcorecrypto.dylib
0x00007fff203e6000 	/usr/lib/system/libdispatch.dylib
0x00007fff2059a000 	/usr/lib/system/libdyld.dylib
0x00007fff2a787000 	/usr/lib/system/libkeymgr.dylib
0x00007fff2dbcf000 	/usr/lib/system/liblaunch.dylib
0x00007fff2a72a000 	/usr/lib/system/libmacho.dylib
0x00007fff29f44000 	/usr/lib/system/libquarantine.dylib
0x00007fff2a784000 	/usr/lib/system/libremovefile.dylib
0x00007fff24ddc000 	/usr/lib/system/libsystem_asl.dylib
0x00007fff202c9000 	/usr/lib/system/libsystem_blocks.dylib
0x00007fff20467000 	/usr/lib/system/libsystem_c.dylib
0x00007fff2a77e000 	/usr/lib/system/libsystem_collections.dylib
0x00007fff29238000 	/usr/lib/system/libsystem_configuration.dylib
0x00007fff2852b000 	/usr/lib/system/libsystem_containermanager.dylib
0x00007fff2a4c6000 	/usr/lib/system/libsystem_coreservices.dylib
0x00007fff229f9000 	/usr/lib/system/libsystem_darwin.dylib
0x00007fff2a788000 	/usr/lib/system/libsystem_dnssd.dylib
0x00007fff20464000 	/usr/lib/system/libsystem_featureflags.dylib
0x00007fff205df000 	/usr/lib/system/libsystem_info.dylib
0x00007fff2a6e1000 	/usr/lib/system/libsystem_m.dylib
0x00007fff203b9000 	/usr/lib/system/libsystem_malloc.dylib
0x00007fff24d70000 	/usr/lib/system/libsystem_networkextension.dylib
0x00007fff22e14000 	/usr/lib/system/libsystem_notify.dylib
0x00007fff30083000 	/usr/lib/system/libsystem_product_info_filter.dylib
0x00007fff2923c000 	/usr/lib/system/libsystem_sandbox.dylib
0x00007fff2a781000 	/usr/lib/system/libsystem_secinit.dylib
0x00007fff2055f000 	/usr/lib/system/libsystem_kernel.dylib
0x00007fff205d5000 	/usr/lib/system/libsystem_platform.dylib
0x00007fff2058e000 	/usr/lib/system/libsystem_pthread.dylib
0x00007fff264db000 	/usr/lib/system/libsystem_symptoms.dylib
0x00007fff20301000 	/usr/lib/system/libsystem_trace.dylib
0x00007fff2a758000 	/usr/lib/system/libunwind.dylib
0x00007fff202cb000 	/usr/lib/system/libxpc.dylib
0x00007fff20546000 	/usr/lib/libc++abi.dylib
0x00007fff2a763000 	/usr/lib/liboah.dylib
0x00007fff2ae19000 	/usr/lib/liblzma.5.dylib
0x00007fff210cc000 	/System/Library/Frameworks/SystemConfiguration.framework/Versions/A/SystemConfiguration
0x00007fff2a798000 	/usr/lib/libfakelink.dylib
0x00007fff248d2000 	/System/Library/Frameworks/CFNetwork.framework/Versions/A/CFNetwork
0x00007fff2a8d8000 	/usr/lib/libarchive.2.dylib
0x00007fff2114a000 	/usr/lib/libCRFSuite.dylib
0x00007fff29f6b000 	/usr/lib/libbsm.0.dylib
0x00007fff2428e000 	/usr/lib/libnetwork.dylib
0x00007fff2a79d000 	/usr/lib/libpcap.A.dylib
0x00007fff264d4000 	/usr/lib/libdns_services.dylib
0x00007fff2ae32000 	/usr/lib/libcoretls_cfhelpers.dylib
0x00007fff2a9dc000 	/usr/lib/libapple_nghttp2.dylib
0x00007fff2a730000 	/usr/lib/system/libkxld.dylib
0x00007fff2613a000 	/usr/lib/libsqlite3.dylib
0x00007fff2a4a8000 	/System/Library/PrivateFrameworks/AppleFSCompression.framework/Versions/A/AppleFSCompression
0x00007fff29f53000 	/usr/lib/libcoretls.dylib
0x00007fff2aa09000 	/usr/lib/libpam.2.dylib
0x00007fff2af2f000 	/usr/lib/libxar.1.dylib
0x00007fff29243000 	/System/Library/PrivateFrameworks/AppleSystemInfo.framework/Versions/A/AppleSystemInfo
0x00007fff29b96000 	/System/Library/PrivateFrameworks/IOMobileFramebuffer.framework/Versions/A/IOMobileFramebuffer
0x00007fff2a4b8000 	/usr/lib/libbz2.1.0.dylib
0x00007fff2a7d5000 	/usr/lib/libiconv.2.dylib
0x00007fff2a729000 	/usr/lib/libcharset.1.dylib
0x00007fff2739d000 	/System/Library/Frameworks/CoreServices.framework/Versions/A/Frameworks/FSEvents.framework/Versions/A/FSEvents
0x00007fff22a03000 	/System/Library/Frameworks/CoreServices.framework/Versions/A/Frameworks/CarbonCore.framework/Versions/A/CarbonCore
0x00007fff266dd000 	/System/Library/Frameworks/CoreServices.framework/Versions/A/Frameworks/Metadata.framework/Versions/A/Metadata
0x00007fff2a4cb000 	/System/Library/Frameworks/CoreServices.framework/Versions/A/Frameworks/OSServices.framework/Versions/A/OSServices
0x00007fff2a94a000 	/System/Library/Frameworks/CoreServices.framework/Versions/A/Frameworks/SearchKit.framework/Versions/A/SearchKit
0x00007fff2645e000 	/System/Library/Frameworks/CoreServices.framework/Versions/A/Frameworks/AE.framework/Versions/A/AE
0x00007fff20aa7000 	/System/Library/Frameworks/CoreServices.framework/Versions/A/Frameworks/LaunchServices.framework/Versions/A/LaunchServices
0x00007fff2adca000 	/System/Library/Frameworks/CoreServices.framework/Versions/A/Frameworks/DictionaryServices.framework/Versions/A/DictionaryServices
0x00007fff273a6000 	/System/Library/Frameworks/CoreServices.framework/Versions/A/Frameworks/SharedFileList.framework/Versions/A/SharedFileList
0x00007fff29f47000 	/usr/lib/libCheckFix.dylib
0x00007fff24df3000 	/System/Library/PrivateFrameworks/TCC.framework/Versions/A/TCC
0x00007fff29249000 	/System/Library/PrivateFrameworks/CoreNLP.framework/Versions/A/CoreNLP
0x00007fff26690000 	/System/Library/PrivateFrameworks/MetadataUtilities.framework/Versions/A/MetadataUtilities
0x00007fff21180000 	/usr/lib/libmecabra.dylib
0x00007fff2a25a000 	/System/Library/Frameworks/MLCompute.framework/Versions/A/MLCompute
0x00007fff29f7c000 	/usr/lib/libmecab.dylib
0x00007fff29fc6000 	/usr/lib/libgermantok.dylib
0x00007fff2a9b2000 	/usr/lib/libThaiTokenizer.dylib
0x00007fff2af6a000 	/usr/lib/libChineseTokenizer.dylib
0x00007fff2aa07000 	/System/Library/Frameworks/MetalPerformanceShaders.framework/Versions/A/MetalPerformanceShaders
0x00007fff2677f000 	/System/Library/Frameworks/Accelerate.framework/Versions/A/Frameworks/vImage.framework/Versions/A/vImage
0x00007fff3015e000 	/System/Library/Frameworks/Accelerate.framework/Versions/A/Frameworks/vecLib.framework/Versions/A/vecLib
0x00007fff2af75000 	/System/Library/Frameworks/Accelerate.framework/Versions/A/Frameworks/vecLib.framework/Versions/A/libvMisc.dylib
0x00007fff299af000 	/System/Library/Frameworks/Accelerate.framework/Versions/A/Frameworks/vecLib.framework/Versions/A/libvDSP.dylib
0x00007fff20dab000 	/System/Library/Frameworks/Accelerate.framework/Versions/A/Frameworks/vecLib.framework/Versions/A/libBLAS.dylib
0x00007fff2aa2d000 	/System/Library/Frameworks/Accelerate.framework/Versions/A/Frameworks/vecLib.framework/Versions/A/libLAPACK.dylib
0x00007fff29fcc000 	/System/Library/Frameworks/Accelerate.framework/Versions/A/Frameworks/vecLib.framework/Versions/A/libLinearAlgebra.dylib
0x00007fff2a9f4000 	/System/Library/Frameworks/Accelerate.framework/Versions/A/Frameworks/vecLib.framework/Versions/A/libSparseBLAS.dylib
0x00007fff2aa27000 	/System/Library/Frameworks/Accelerate.framework/Versions/A/Frameworks/vecLib.framework/Versions/A/libQuadrature.dylib
0x00007fff292f1000 	/System/Library/Frameworks/Accelerate.framework/Versions/A/Frameworks/vecLib.framework/Versions/A/libBNNS.dylib
0x00007fff2105d000 	/System/Library/Frameworks/Accelerate.framework/Versions/A/Frameworks/vecLib.framework/Versions/A/libSparse.dylib
0x00007fff291dc000 	/System/Library/Frameworks/MetalPerformanceShaders.framework/Versions/A/Frameworks/MPSCore.framework/Versions/A/MPSCore
0x00007fff2a417000 	/System/Library/Frameworks/MetalPerformanceShaders.framework/Versions/A/Frameworks/MPSImage.framework/Versions/A/MPSImage
0x00007fff29fe2000 	/System/Library/Frameworks/MetalPerformanceShaders.framework/Versions/A/Frameworks/MPSNeuralNetwork.framework/Versions/A/MPSNeuralNetwork
0x00007fff2a3a2000 	/System/Library/Frameworks/MetalPerformanceShaders.framework/Versions/A/Frameworks/MPSMatrix.framework/Versions/A/MPSMatrix
0x00007fff2a20a000 	/System/Library/Frameworks/MetalPerformanceShaders.framework/Versions/A/Frameworks/MPSRayIntersector.framework/Versions/A/MPSRayIntersector
0x00007fff2a3d9000 	/System/Library/Frameworks/MetalPerformanceShaders.framework/Versions/A/Frameworks/MPSNDArray.framework/Versions/A/MPSNDArray
0x00007fff20cd7000 	/System/Library/PrivateFrameworks/MetalTools.framework/Versions/A/MetalTools
0x00007fff29241000 	/System/Library/PrivateFrameworks/AggregateDictionary.framework/Versions/A/AggregateDictionary
0x00007fff26668000 	/System/Library/PrivateFrameworks/CoreAnalytics.framework/Versions/A/CoreAnalytics
0x00007fff2a9b4000 	/System/Library/PrivateFrameworks/AppleSauce.framework/Versions/A/AppleSauce
0x00007fff2854e000 	/System/Library/PrivateFrameworks/IOAccelerator.framework/Versions/A/IOAccelerator
0x00007fff6cae3000 	/System/Library/Frameworks/OpenGL.framework/Versions/A/Libraries/libCoreFSCache.dylib
0x00007fff2171c000 	/System/Library/PrivateFrameworks/LanguageModeling.framework/Versions/A/LanguageModeling
0x00007fff29b83000 	/System/Library/PrivateFrameworks/CoreEmoji.framework/Versions/A/CoreEmoji
0x00007fff292ea000 	/System/Library/PrivateFrameworks/LinguisticData.framework/Versions/A/LinguisticData
0x00007fff2100f000 	/System/Library/PrivateFrameworks/Lexicon.framework/Versions/A/Lexicon
0x00007fff2a8c6000 	/usr/lib/libcmph.dylib
0x00007fff2737d000 	/System/Library/Frameworks/OpenDirectory.framework/Versions/A/Frameworks/CFOpenDirectory.framework/Versions/A/CFOpenDirectory
0x00007fff2736d000 	/System/Library/Frameworks/OpenDirectory.framework/Versions/A/OpenDirectory
0x00007fff2ae34000 	/System/Library/PrivateFrameworks/APFS.framework/Versions/A/APFS
0x00007fff29ea8000 	/System/Library/Frameworks/SecurityFoundation.framework/Versions/A/SecurityFoundation
0x00007fff2af3d000 	/usr/lib/libutil.dylib
0x00007fff22d2a000 	/System/Library/PrivateFrameworks/CoreServicesStore.framework/Versions/A/CoreServicesStore
0x00007fff29f3f000 	/System/Library/Frameworks/ServiceManagement.framework/Versions/A/ServiceManagement
0x00007fff2af41000 	/usr/lib/libxslt.1.dylib
0x00007fff29f35000 	/System/Library/PrivateFrameworks/BackgroundTaskManagement.framework/Versions/A/BackgroundTaskManagement
0x00007fff2bf36000 	/System/Library/Frameworks/ImageIO.framework/Versions/A/Resources/libRadiance.dylib
0x00007fff2bf40000 	/System/Library/Frameworks/ImageIO.framework/Versions/A/Resources/libJPEG.dylib
0x00007fff2be8b000 	/System/Library/Frameworks/ImageIO.framework/Versions/A/Resources/libPng.dylib
0x00007fff2beb2000 	/System/Library/Frameworks/ImageIO.framework/Versions/A/Resources/libTIFF.dylib
0x00007fff2bf95000 	/System/Library/Frameworks/ImageIO.framework/Versions/A/Resources/libGIF.dylib
0x00007fff2bbee000 	/System/Library/Frameworks/ImageIO.framework/Versions/A/Resources/libJP2.dylib
0x00007fff2b2d8000 	/usr/lib/libexpat.1.dylib
0x00007fff2bba3000 	/System/Library/PrivateFrameworks/AppleJPEG.framework/Versions/A/AppleJPEG
0x00007fff28784000 	/System/Library/PrivateFrameworks/FontServices.framework/libFontParser.dylib
0x00007fff26412000 	/System/Library/PrivateFrameworks/RunningBoardServices.framework/Versions/A/RunningBoardServices
0x00007fff2bccd000 	/System/Library/PrivateFrameworks/WatchdogClient.framework/Versions/A/WatchdogClient
0x00007fff21809000 	/System/Library/Frameworks/CoreDisplay.framework/Versions/A/CoreDisplay
0x00007fff2869a000 	/System/Library/Frameworks/CoreMedia.framework/Versions/A/CoreMedia
0x00007fff274fa000 	/System/Library/Frameworks/CoreVideo.framework/Versions/A/CoreVideo
0x00007fff2bd05000 	/System/Library/Frameworks/VideoToolbox.framework/Versions/A/VideoToolbox
0x00007fff26390000 	/System/Library/PrivateFrameworks/BaseBoard.framework/Versions/A/BaseBoard
0x00007fff2b41d000 	/System/Library/PrivateFrameworks/PersistentConnection.framework/Versions/A/PersistentConnection
0x00007fff26123000 	/System/Library/PrivateFrameworks/ProtocolBuffer.framework/Versions/A/ProtocolBuffer
0x00007fff26377000 	/System/Library/PrivateFrameworks/CommonUtilities.framework/Versions/A/CommonUtilities
0x00007fff2bb38000 	/System/Library/PrivateFrameworks/Bom.framework/Versions/A/Bom
0x00007fff2bf2f000 	/System/Library/PrivateFrameworks/GPUWrangler.framework/Versions/A/GPUWrangler
0x00007fff2bf12000 	/System/Library/PrivateFrameworks/IOPresentment.framework/Versions/A/IOPresentment
0x00007fff2bf3a000 	/System/Library/PrivateFrameworks/DSExternalDisplay.framework/Versions/A/DSExternalDisplay
0x00007fff2bf9a000 	/System/Library/PrivateFrameworks/CMCaptureCore.framework/Versions/A/CMCaptureCore
0x00007fff2b8bd000 	/System/Library/PrivateFrameworks/AppServerSupport.framework/Versions/A/AppServerSupport
0x00007fff2d96e000 	/System/Library/PrivateFrameworks/perfdata.framework/Versions/A/perfdata
0x00007fff29e97000 	/System/Library/PrivateFrameworks/AssertionServices.framework/Versions/A/AssertionServices
0x00007fff21940000 	/System/Library/PrivateFrameworks/AudioToolboxCore.framework/Versions/A/AudioToolboxCore
0x00007fff2867d000 	/System/Library/PrivateFrameworks/caulk.framework/Versions/A/caulk
0x00007fff3d619000 	/System/Library/PrivateFrameworks/SystemPolicy.framework/Versions/A/SystemPolicy
0x00007fff2b0cd000 	/usr/lib/libIOReport.dylib
0x00007fff2d190000 	/usr/lib/libSMC.dylib
0x00007fff2be58000 	/usr/lib/libAudioToolboxUtility.dylib
0x00007fff3df83000 	/usr/lib/libmis.dylib
0x00007fff6cb3f000 	/System/Library/Frameworks/OpenGL.framework/Versions/A/Libraries/libGLU.dylib
0x00007fff6cb02000 	/System/Library/Frameworks/OpenGL.framework/Versions/A/Libraries/libGFXShared.dylib
0x00007fff6cd11000 	/System/Library/Frameworks/OpenGL.framework/Versions/A/Libraries/libGL.dylib
0x00007fff6cb0b000 	/System/Library/Frameworks/OpenGL.framework/Versions/A/Libraries/libGLImage.dylib
0x00007fff6caff000 	/System/Library/Frameworks/OpenGL.framework/Versions/A/Libraries/libCVMSPluginSupport.dylib
0x00007fff6caea000 	/System/Library/Frameworks/OpenGL.framework/Versions/A/Libraries/libCoreVMClient.dylib
0x00007fff6e152000 	/System/Library/Frameworks/OpenCL.framework/Versions/A/OpenCL
0x00007fff2b447000 	/System/Library/PrivateFrameworks/GraphVisualizer.framework/Versions/A/GraphVisualizer
0x00007fff2b456000 	/System/Library/PrivateFrameworks/FaceCore.framework/Versions/A/FaceCore
0x00007fff2b872000 	/System/Library/PrivateFrameworks/OTSVG.framework/Versions/A/OTSVG
0x00007fff270f1000 	/System/Library/Frameworks/ApplicationServices.framework/Versions/A/Frameworks/ATS.framework/Versions/A/Resources/libFontRegistry.dylib
0x00007fff2b8c4000 	/System/Library/PrivateFrameworks/FontServices.framework/libhvf.dylib
0x00007fff2b284000 	/System/Library/PrivateFrameworks/AppleVA.framework/Versions/A/AppleVA
0x00007fff2cfd9000 	/System/Library/Frameworks/ApplicationServices.framework/Versions/A/Frameworks/ATS.framework/Versions/A/ATS
0x00007fff2d2eb000 	/System/Library/Frameworks/ApplicationServices.framework/Versions/A/Frameworks/ColorSyncLegacy.framework/Versions/A/ColorSyncLegacy
0x00007fff258fd000 	/System/Library/Frameworks/ApplicationServices.framework/Versions/A/Frameworks/HIServices.framework/Versions/A/HIServices
0x00007fff2d2d0000 	/System/Library/Frameworks/ApplicationServices.framework/Versions/A/Frameworks/LangAnalysis.framework/Versions/A/LangAnalysis
0x00007fff2bfa4000 	/System/Library/Frameworks/ApplicationServices.framework/Versions/A/Frameworks/PrintCore.framework/Versions/A/PrintCore
0x00007fff2d2f3000 	/System/Library/Frameworks/ApplicationServices.framework/Versions/A/Frameworks/QD.framework/Versions/A/QD
0x00007fff2cfc9000 	/System/Library/Frameworks/ApplicationServices.framework/Versions/A/Frameworks/SpeechSynthesis.framework/Versions/A/SpeechSynthesis
0x00007fff2bf65000 	/System/Library/Frameworks/ApplicationServices.framework/Versions/A/Frameworks/ATSUI.framework/Versions/A/ATSUI
0x00007fff2d270000 	/usr/lib/libcups.2.dylib
0x00007fff2d2e0000 	/System/Library/PrivateFrameworks/NetAuth.framework/Versions/A/NetAuth
0x00007fff2d98a000 	/System/Library/Frameworks/Kerberos.framework/Versions/A/Kerberos
0x00007fff2d99a000 	/System/Library/Frameworks/GSS.framework/Versions/A/GSS
0x00007fff2d045000 	/usr/lib/libresolv.9.dylib
0x00007fff2b8d9000 	/System/Library/PrivateFrameworks/Heimdal.framework/Versions/A/Heimdal
0x00007fff3371e000 	/System/Library/Frameworks/Kerberos.framework/Versions/A/Libraries/libHeimdalProxy.dylib
0x00007fff264e3000 	/System/Library/Frameworks/Network.framework/Versions/A/Network
0x00007fff2b2f2000 	/usr/lib/libheimdal-asn1.dylib
0x00007fff2d9ea000 	/System/Library/PrivateFrameworks/CommonAuth.framework/Versions/A/CommonAuth
0x00007fff27547000 	/System/Library/PrivateFrameworks/login.framework/Versions/A/Frameworks/loginsupport.framework/Versions/A/loginsupport
0x00007fff2cf4e000 	/System/Library/PrivateFrameworks/AudioSession.framework/Versions/A/AudioSession
0x00007fff2cfb6000 	/usr/lib/libAudioStatistics.dylib
0x00007fff2b37f000 	/System/Library/PrivateFrameworks/MediaExperience.framework/Versions/A/MediaExperience
0x00007fff2cdeb000 	/System/Library/PrivateFrameworks/AudioSession.framework/libSessionUtility.dylib
0x00007fff2d97b000 	/usr/lib/libperfcheck.dylib
0x00007fff2d2ff000 	/System/Library/PrivateFrameworks/AudioResourceArbitration.framework/Versions/A/AudioResourceArbitration
0x00007fff2b2fc000 	/System/Library/PrivateFrameworks/IconFoundation.framework/Versions/A/IconFoundation
0x00007fff2fe28000 	/System/Library/PrivateFrameworks/SpeechRecognitionCore.framework/Versions/A/SpeechRecognitionCore
0x0000000111000000 	/Library/Java/JavaVirtualMachines/adoptopenjdk-8.jdk/Contents/Home/jre/lib/server/libjvm.dylib
0x000000010cbef000 	/Library/Java/JavaVirtualMachines/adoptopenjdk-8.jdk/Contents/Home/jre/lib/libverify.dylib
0x000000010cc00000 	/Library/Java/JavaVirtualMachines/adoptopenjdk-8.jdk/Contents/Home/jre/lib/libjava.dylib
0x000000010cc7d000 	/Library/Java/JavaVirtualMachines/adoptopenjdk-8.jdk/Contents/Home/jre/lib/libzip.dylib
0x000000010cf74000 	/Library/Java/JavaVirtualMachines/adoptopenjdk-8.jdk/Contents/Home/jre/lib/libnio.dylib
0x000000010cf86000 	/Library/Java/JavaVirtualMachines/adoptopenjdk-8.jdk/Contents/Home/jre/lib/libnet.dylib
0x000000012493d000 	/Users/genisys/.gradle/native/fdc75f09e3144964f2cf3f50f0aa648679c211496f362492102eb8c894070792/osx-amd64/libnative-platform.dylib
0x0000000124944000 	/Users/genisys/.gradle/native/12488b8bf47d2d4c9fbf2f6322a914ad602e24e48041cd04a747c6da556b65c4/osx-amd64/libnative-platform-file-events.dylib
0x0000000124cf5000 	/Library/Java/JavaVirtualMachines/adoptopenjdk-8.jdk/Contents/Home/jre/lib/libmanagement.dylib

VM Arguments:
jvm_args: -XX:MaxMetaspaceSize=256m -XX:+HeapDumpOnOutOfMemoryError -Xms256m -Xmx512m -Dfile.encoding=UTF-8 -Duser.country=IN -Duser.language=en -Duser.variant 
java_command: org.gradle.launcher.daemon.bootstrap.GradleDaemon 6.7
java_class_path (initial): /Users/genisys/.gradle/wrapper/dists/gradle-6.7-all/cuy9mc7upwgwgeb72wkcrupxe/gradle-6.7/lib/gradle-launcher-6.7.jar
Launcher Type: SUN_STANDARD

Environment Variables:
JAVA_HOME=/Library/Java/JavaVirtualMachines/adoptopenjdk-8.jdk/Contents/Home/jre
PATH=/Users/genisys/Documents/Project/ClinicGenie/android/node_modules/.bin:/Users/genisys/Documents/Project/ClinicGenie/node_modules/.bin:/Users/genisys/Documents/Project/node_modules/.bin:/Users/genisys/Documents/node_modules/.bin:/Users/genisys/node_modules/.bin:/Users/node_modules/.bin:/node_modules/.bin:/usr/local/bin:/Users/genisys/Documents/Project/ClinicGenie/node_modules/.bin:/usr/local/bin:/usr/bin:/bin:/usr/sbin:/sbin:/Users/genisys/.npm-global/bin:/Users/genisys/Library/Android/sdk/emulator:/Users/genisys/Library/Android/sdk/tools:/Users/genisys/Library/Android/sdk/tools/bin:/Users/genisys/Library/Android/sdk/platform-tools:/Users/genisys/Library/Android/sdk/emulator:/Users/genisys/Library/Android/sdk/tools:/Users/genisys/Library/Android/sdk/tools/bin:/Users/genisys/Library/Android/sdk/platform-tools
SHELL=/bin/zsh

Signal Handlers:
SIGSEGV: [libjvm.dylib+0x597a91], sa_mask[0]=11111111011111110111111111111111, sa_flags=SA_ONSTACK|SA_RESTART|SA_SIGINFO
SIGBUS: [libjvm.dylib+0x597a91], sa_mask[0]=11111111011111110111111111111111, sa_flags=SA_RESTART|SA_SIGINFO
SIGFPE: [libjvm.dylib+0x48ba83], sa_mask[0]=11111111011111110111111111111111, sa_flags=SA_RESTART|SA_SIGINFO
SIGPIPE: [libjvm.dylib+0x48ba83], sa_mask[0]=11111111011111110111111111111111, sa_flags=SA_RESTART|SA_SIGINFO
SIGXFSZ: [libjvm.dylib+0x48ba83], sa_mask[0]=11111111011111110111111111111111, sa_flags=SA_RESTART|SA_SIGINFO
SIGILL: [libjvm.dylib+0x48ba83], sa_mask[0]=11111111011111110111111111111111, sa_flags=SA_RESTART|SA_SIGINFO
SIGUSR1: SIG_DFL, sa_mask[0]=00000000000000000000000000000000, sa_flags=SA_RESTART
SIGUSR2: [libjvm.dylib+0x48c37a], sa_mask[0]=00100000000000000000000000000000, sa_flags=SA_RESTART|SA_SIGINFO
SIGHUP: [libjvm.dylib+0x48a579], sa_mask[0]=11111111011111110111111111111111, sa_flags=SA_RESTART|SA_SIGINFO
SIGINT: [libjvm.dylib+0x48a579], sa_mask[0]=11111111011111110111111111111111, sa_flags=SA_RESTART|SA_SIGINFO
SIGTERM: [libjvm.dylib+0x48a579], sa_mask[0]=11111111011111110111111111111111, sa_flags=SA_RESTART|SA_SIGINFO
SIGQUIT: [libjvm.dylib+0x48a579], sa_mask[0]=11111111011111110111111111111111, sa_flags=SA_RESTART|SA_SIGINFO


---------------  S Y S T E M  ---------------

OS:Bsduname:Darwin 20.3.0 Darwin Kernel Version 20.3.0: Thu Jan 21 00:07:06 PST 2021; root:xnu-7195.81.3~1/RELEASE_X86_64 x86_64
rlimit: STACK 8192k, CORE 0k, NPROC 2784, NOFILE 10240, AS infinity
load average:5.99 5.67 3.81

CPU:total 8 (initial active 8) (4 cores per cpu, 2 threads per core) family 6 model 165 stepping 3, cmov, cx8, fxsr, mmx, sse, sse2, sse3, ssse3, sse4.1, sse4.2, popcnt, avx, avx2, aes, clmul, erms, 3dnowpref, lzcnt, ht, tsc, tscinvbit, bmi1, bmi2, adx

Memory: 4k page, physical 16777216k(2417564k free)

/proc/meminfo:


vm_info: OpenJDK 64-Bit Server VM (25.282-b08) for bsd-amd64 JRE (1.8.0_282-b08), built on Jan 20 2021 11:47:40 by "jenkins" with gcc 4.2.1 Compatible Apple LLVM 10.0.1 (clang-1001.0.46.4)

time: Fri Apr 30 11:39:41 2021
timezone: IST
elapsed time: 56.020471 seconds (0d 0h 0m 56s)

